[INFO] Scanning for projects...
[INFO] ------------------------------------------------------------------------
[INFO] Reactor Build Order:
[INFO] 
[INFO] Unit Testing demo project container                                [pom]
[INFO] Dummy demo project                                                 [jar]
[INFO] Unit Testing Class Demo                                            [jar]
[INFO] 
[INFO] ---------------------< dmst.seip.angor:seip.demo >----------------------
[INFO] Building Unit Testing demo project container 0.2                   [1/3]
[INFO]   from pom.xml
[INFO] --------------------------------[ pom ]---------------------------------
[INFO] 
[INFO] --- jacoco:0.8.3:prepare-agent (prepare-agent) @ seip.demo ---
[INFO] argLine set to -javaagent:/home/codespace/.m2/repository/org/jacoco/org.jacoco.agent/0.8.3/org.jacoco.agent-0.8.3-runtime.jar=destfile=/workspaces/UnitTestingDemoProject/project/target/jacoco.exec
[INFO] 
[INFO] -----------------< dmst.seip.angor:dummy_maven_module >-----------------
[INFO] Building Dummy demo project 0.1                                    [2/3]
[INFO]   from dummy_maven_module/pom.xml
[INFO] --------------------------------[ jar ]---------------------------------
[INFO] 
[INFO] --- jacoco:0.8.3:prepare-agent (prepare-agent) @ dummy_maven_module ---
[INFO] argLine set to -javaagent:/home/codespace/.m2/repository/org/jacoco/org.jacoco.agent/0.8.3/org.jacoco.agent-0.8.3-runtime.jar=destfile=/workspaces/UnitTestingDemoProject/project/dummy_maven_module/target/jacoco.exec
[INFO] 
[INFO] --- resources:3.3.1:resources (default-resources) @ dummy_maven_module ---
[INFO] skip non existing resourceDirectory /workspaces/UnitTestingDemoProject/project/dummy_maven_module/src/main/resources
[INFO] 
[INFO] --- compiler:3.13.0:compile (default-compile) @ dummy_maven_module ---
[INFO] Nothing to compile - all classes are up to date.
[INFO] 
[INFO] --- resources:3.3.1:testResources (default-testResources) @ dummy_maven_module ---
[INFO] skip non existing resourceDirectory /workspaces/UnitTestingDemoProject/project/dummy_maven_module/src/test/resources
[INFO] 
[INFO] --- compiler:3.13.0:testCompile (default-testCompile) @ dummy_maven_module ---
[INFO] Nothing to compile - all classes are up to date.
[INFO] 
[INFO] --- surefire:3.2.5:test (default-test) @ dummy_maven_module ---
[INFO] Using auto detected provider org.apache.maven.surefire.junit4.JUnit4Provider
[INFO] 
[INFO] -------------------------------------------------------
[INFO]  T E S T S
[INFO] -------------------------------------------------------
[INFO] Running dummy_maven_module.DummyClassTest
[INFO] Tests run: 1, Failures: 0, Errors: 0, Skipped: 0, Time elapsed: 0.191 s -- in dummy_maven_module.DummyClassTest
[INFO] 
[INFO] Results:
[INFO] 
[INFO] Tests run: 1, Failures: 0, Errors: 0, Skipped: 0
[INFO] 
[INFO] 
[INFO] ------------------< dmst.seip.angor:junit_class_demo >------------------
[INFO] Building Unit Testing Class Demo 0.2                               [3/3]
[INFO]   from unit_test_demo/pom.xml
[INFO] --------------------------------[ jar ]---------------------------------
[INFO] 
[INFO] --- jacoco:0.8.3:prepare-agent (prepare-agent) @ junit_class_demo ---
[INFO] argLine set to -javaagent:/home/codespace/.m2/repository/org/jacoco/org.jacoco.agent/0.8.3/org.jacoco.agent-0.8.3-runtime.jar=destfile=/workspaces/UnitTestingDemoProject/project/unit_test_demo/target/jacoco.exec
[INFO] 
[INFO] --- resources:3.3.1:resources (default-resources) @ junit_class_demo ---
[INFO] Copying 1 resource from src/main/resources to target/classes
[INFO] 
[INFO] --- compiler:3.13.0:compile (default-compile) @ junit_class_demo ---
[INFO] Nothing to compile - all classes are up to date.
[INFO] 
[INFO] --- resources:3.3.1:testResources (default-testResources) @ junit_class_demo ---
[INFO] Copying 1 resource from src/test/resources to target/test-classes
[INFO] 
[INFO] --- compiler:3.13.0:testCompile (default-testCompile) @ junit_class_demo ---
[INFO] Nothing to compile - all classes are up to date.
[INFO] 
[INFO] --- surefire:3.2.5:test (default-test) @ junit_class_demo ---
[INFO] Using auto detected provider org.apache.maven.surefire.junit4.JUnit4Provider
[INFO] 
[INFO] -------------------------------------------------------
[INFO]  T E S T S
[INFO] -------------------------------------------------------
[INFO] Running dmst.seip.angor.junitdemo.math.MyMathTest
[INFO] Tests run: 6, Failures: 0, Errors: 0, Skipped: 0, Time elapsed: 0.213 s -- in dmst.seip.angor.junitdemo.math.MyMathTest
[INFO] Running dmst.seip.angor.junitdemo.math.MyAdvancedMathTest
[INFO] Tests run: 6, Failures: 0, Errors: 0, Skipped: 0, Time elapsed: 1.703 s -- in dmst.seip.angor.junitdemo.math.MyAdvancedMathTest
[INFO] Running dmst.seip.angor.junitdemo.math.MyAdvancedMathPowerOfTwoParameterizedTest
[INFO] Tests run: 3, Failures: 0, Errors: 0, Skipped: 0, Time elapsed: 0.059 s -- in dmst.seip.angor.junitdemo.math.MyAdvancedMathPowerOfTwoParameterizedTest
[INFO] Running dmst.seip.angor.junitdemo.io.FileIOTest
[INFO] Tests run: 1, Failures: 0, Errors: 0, Skipped: 0, Time elapsed: 0.027 s -- in dmst.seip.angor.junitdemo.io.FileIOTest
[INFO] Running dmst.seip.angor.junitdemo.search.NameSearchTest
[INFO] Tests run: 1, Failures: 0, Errors: 0, Skipped: 0, Time elapsed: 0.136 s -- in dmst.seip.angor.junitdemo.search.NameSearchTest
[INFO] 
[INFO] Results:
[INFO] 
[INFO] Tests run: 17, Failures: 0, Errors: 0, Skipped: 0
[INFO] 
[INFO] ------------------------------------------------------------------------
[INFO] Reactor Summary:
[INFO] 
[INFO] Unit Testing demo project container 0.2 ............ SUCCESS [  1.614 s]
[INFO] Dummy demo project 0.1 ............................. SUCCESS [  2.118 s]
[INFO] Unit Testing Class Demo 0.2 ........................ SUCCESS [  3.808 s]
[INFO] ------------------------------------------------------------------------
[INFO] BUILD SUCCESS
[INFO] ------------------------------------------------------------------------
[INFO] Total time:  7.913 s
[INFO] Finished at: 2025-02-20T10:35:15Z
[INFO] ------------------------------------------------------------------------
